
> jobyro-frontend@0.1.0 dev
> vite --host 127.0.0.1 --port 5173


  [32m[1mVITE[22m v8.0.13[39m  [2mready in [0m[1m878[22m[2m[0m ms[22m

  [32m➜[39m  [1mLocal[22m:   [36mhttp://127.0.0.1:[1m5173[22m/[39m
[2m11:44:08 PM[22m [36m[1m[vite][22m[39m [90m[2m(client)[22m[39m [32mhmr update [39m[2m/src/styles.css, /src/resume/ResumeDocument.tsx, /src/components/resume/ResumeDocumentEditor.tsx[22m
[2m11:44:19 PM[22m [36m[1m[vite][22m[39m [90m[2m(client)[22m[39m [32mhmr update [39m[2m/src/styles.css, /src/components/resume/ResumeDocumentEditor.tsx[22m
[2m11:47:19 PM[22m [36m[1m[vite][22m[39m [90m[2m(client)[22m[39m [32mhmr update [39m[2m/src/styles.css, /src/components/resume/ResumeDocumentEditor.tsx[22m
[2m1:44:08 AM[22m [36m[1m[vite][22m[39m [90m[2m(client)[22m[39m [32mhmr update [39m[2m/src/styles.css[22m
[2m1:44:08 AM[22m [36m[1m[vite][22m[39m [90m[2m(client)[22m[39m [32mhmr update [39m[2m/src/styles.css[22m
[2m1:44:08 AM[22m [36m[1m[vite][22m[39m [90m[2m(client)[22m[39m [32mhmr update [39m[2m/src/styles.css[22m
[2m1:44:08 AM[22m [36m[1m[vite][22m[39m [90m[2m(client)[22m[39m [32mhmr update [39m[2m/src/styles.css[22m
[2m1:44:08 AM[22m [36m[1m[vite][22m[39m [90m[2m(client)[22m[39m [32mpage reload [39m[2mcoverage/index.html[22m
[2m1:44:08 AM[22m [36m[1m[vite][22m[39m [90m[2m(client)[22m[39m [32mhmr update [39m[2m/src/styles.css[22m
[2m1:44:08 AM[22m [36m[1m[vite][22m[39m [90m[2m(client)[22m[39m [32mhmr update [39m[2m/src/styles.css[22m
[2m1:44:08 AM[22m [36m[1m[vite][22m[39m [90m[2m(client)[22m[39m [32mhmr update [39m[2m/src/styles.css[22m
[2m1:44:08 AM[22m [36m[1m[vite][22m[39m [90m[2m(client)[22m[39m [32mpage reload [39m[2mcoverage/src/App.tsx.html[22m
[2m1:44:08 AM[22m [36m[1m[vite][22m[39m [90m[2m(client)[22m[39m [32mpage reload [39m[2mcoverage/src/components/index.html[22m
[2m1:44:08 AM[22m [36m[1m[vite][22m[39m [90m[2m(client)[22m[39m [32mpage reload [39m[2mcoverage/src/lib/index.html[22m
[2m1:44:08 AM[22m [36m[1m[vite][22m[39m [90m[2m(client)[22m[39m [32mpage reload [39m[2mcoverage/src/lib/utils.ts.html[22m
[2m1:44:08 AM[22m [36m[1m[vite][22m[39m [90m[2m(client)[22m[39m [32mpage reload [39m[2mcoverage/src/assets/index.html[22m
[2m1:44:08 AM[22m [36m[1m[vite][22m[39m [90m[2m(client)[22m[39m [32mpage reload [39m[2mcoverage/src/assets/jobyro-icon-teal.png.html[22m
[2m1:44:08 AM[22m [36m[1m[vite][22m[39m [90m[2m(client)[22m[39m [32mpage reload [39m[2mcoverage/src/hooks/index.html[22m
[2m1:44:08 AM[22m [36m[1m[vite][22m[39m [90m[2m(client)[22m[39m [32mpage reload [39m[2mcoverage/src/hooks/useResumeAutosave.ts.html[22m
[2m1:44:08 AM[22m [36m[1m[vite][22m[39m [90m[2m(client)[22m[39m [32mpage reload [39m[2mcoverage/src/index.html[22m
[2m1:44:08 AM[22m [36m[1m[vite][22m[39m [90m[2m(client)[22m[39m [32mpage reload [39m[2mcoverage/src/services/generateResumeRequest.ts.html[22m
[2m1:44:08 AM[22m [36m[1m[vite][22m[39m [90m[2m(client)[22m[39m [32mpage reload [39m[2mcoverage/src/services/index.html[22m
[2m1:44:08 AM[22m [36m[1m[vite][22m[39m [90m[2m(client)[22m[39m [32mpage reload [39m[2mcoverage/src/services/profileData.ts.html[22m
[2m1:44:08 AM[22m [36m[1m[vite][22m[39m [90m[2m(client)[22m[39m [32mpage reload [39m[2mcoverage/src/services/profileService.ts.html[22m
[2m1:44:08 AM[22m [36m[1m[vite][22m[39m [90m[2m(client)[22m[39m [32mpage reload [39m[2mcoverage/src/services/resumeService.ts.html[22m
[2m1:44:08 AM[22m [36m[1m[vite][22m[39m [90m[2m(client)[22m[39m [32mpage reload [39m[2mcoverage/src/services/skillsData.ts.html[22m
[2m1:44:08 AM[22m [36m[1m[vite][22m[39m [90m[2m(client)[22m[39m [32mpage reload [39m[2mcoverage/src/components/ui.tsx.html[22m
[2m1:44:08 AM[22m [36m[1m[vite][22m[39m [90m[2m(client)[22m[39m [32mpage reload [39m[2mcoverage/src/components/generate/GenerateResumeWorkspace.tsx.html[22m
[2m1:44:08 AM[22m [36m[1m[vite][22m[39m [90m[2m(client)[22m[39m [32mpage reload [39m[2mcoverage/src/components/generate/index.html[22m
[2m1:44:08 AM[22m [36m[1m[vite][22m[39m [90m[2m(client)[22m[39m [32mpage reload [39m[2mcoverage/src/components/resume/index.html[22m
[2m1:44:08 AM[22m [36m[1m[vite][22m[39m [90m[2m(client)[22m[39m [32mpage reload [39m[2mcoverage/src/components/resume/ResumeDocumentEditor.tsx.html[22m
[2m1:44:08 AM[22m [36m[1m[vite][22m[39m [90m[2m(client)[22m[39m [32mpage reload [39m[2mcoverage/src/resume/format.ts.html[22m
[2m1:44:08 AM[22m [36m[1m[vite][22m[39m [90m[2m(client)[22m[39m [32mpage reload [39m[2mcoverage/src/resume/index.html[22m
[2m1:44:08 AM[22m [36m[1m[vite][22m[39m [90m[2m(client)[22m[39m [32mpage reload [39m[2mcoverage/src/resume/ResumeDocument.tsx.html[22m
[2m1:44:08 AM[22m [36m[1m[vite][22m[39m [90m[2m(client)[22m[39m [32mpage reload [39m[2mcoverage/src/test/index.html[22m
[2m1:44:09 AM[22m [36m[1m[vite][22m[39m [90m[2m(client)[22m[39m [32mpage reload [39m[2mcoverage/src/test/renderWithProviders.tsx.html[22m
[2m1:44:09 AM[22m [36m[1m[vite][22m[39m [90m[2m(client)[22m[39m [32mpage reload [39m[2mcoverage/src/test/fixtures/index.html[22m
[2m1:44:09 AM[22m [36m[1m[vite][22m[39m [90m[2m(client)[22m[39m [32mpage reload [39m[2mcoverage/src/test/fixtures/jobAnalysis.ts.html[22m
[2m1:44:09 AM[22m [36m[1m[vite][22m[39m [90m[2m(client)[22m[39m [32mpage reload [39m[2mcoverage/src/test/fixtures/profile.ts.html[22m
[2m1:44:09 AM[22m [36m[1m[vite][22m[39m [90m[2m(client)[22m[39m [32mpage reload [39m[2mcoverage/src/test/fixtures/profileMatch.ts.html[22m
[2m1:44:09 AM[22m [36m[1m[vite][22m[39m [90m[2m(client)[22m[39m [32mpage reload [39m[2mcoverage/src/test/fixtures/resume.ts.html[22m
[2m1:44:56 AM[22m [36m[1m[vite][22m[39m [90m[2m(client)[22m[39m [32mpage reload [39m[2mcoverage/index.html[22m
[2m1:44:56 AM[22m [36m[1m[vite][22m[39m [90m[2m(client)[22m[39m [32mpage reload [39m[2mcoverage/src/App.tsx.html[22m
[2m1:44:56 AM[22m [36m[1m[vite][22m[39m [90m[2m(client)[22m[39m [32mpage reload [39m[2mcoverage/src/index.html[22m
[2m1:44:56 AM[22m [36m[1m[vite][22m[39m [90m[2m(client)[22m[39m [32mpage reload [39m[2mcoverage/src/assets/index.html[22m
[2m1:44:56 AM[22m [36m[1m[vite][22m[39m [90m[2m(client)[22m[39m [32mpage reload [39m[2mcoverage/src/assets/jobyro-icon-teal.png.html[22m
[2m1:44:56 AM[22m [36m[1m[vite][22m[39m [90m[2m(client)[22m[39m [32mpage reload [39m[2mcoverage/src/assets/jobyro-icon-teal.png.html[22m
[2m1:44:56 AM[22m [36m[1m[vite][22m[39m [90m[2m(client)[22m[39m [32mpage reload [39m[2mcoverage/src/components/index.html[22m
[2m1:44:56 AM[22m [36m[1m[vite][22m[39m [90m[2m(client)[22m[39m [32mpage reload [39m[2mcoverage/src/components/ui.tsx.html[22m
[2m1:44:56 AM[22m [36m[1m[vite][22m[39m [90m[2m(client)[22m[39m [32mpage reload [39m[2mcoverage/src/hooks/index.html[22m
[2m1:44:56 AM[22m [36m[1m[vite][22m[39m [90m[2m(client)[22m[39m [32mpage reload [39m[2mcoverage/src/hooks/useResumeAutosave.ts.html[22m
[2m1:44:56 AM[22m [36m[1m[vite][22m[39m [90m[2m(client)[22m[39m [32mpage reload [39m[2mcoverage/src/components/resume/index.html[22m
[2m1:44:56 AM[22m [36m[1m[vite][22m[39m [90m[2m(client)[22m[39m [32mpage reload [39m[2mcoverage/src/components/resume/ResumeDocumentEditor.tsx.html[22m
[2m1:44:56 AM[22m [36m[1m[vite][22m[39m [90m[2m(client)[22m[39m [32mpage reload [39m[2mcoverage/src/components/generate/GenerateResumeWorkspace.tsx.html[22m
[2m1:44:56 AM[22m [36m[1m[vite][22m[39m [90m[2m(client)[22m[39m [32mpage reload [39m[2mcoverage/src/components/generate/index.html[22m
[2m1:44:56 AM[22m [36m[1m[vite][22m[39m [90m[2m(client)[22m[39m [32mpage reload [39m[2mcoverage/src/resume/format.ts.html[22m
[2m1:44:56 AM[22m [36m[1m[vite][22m[39m [90m[2m(client)[22m[39m [32mpage reload [39m[2mcoverage/src/resume/index.html[22m
[2m1:44:56 AM[22m [36m[1m[vite][22m[39m [90m[2m(client)[22m[39m [32mpage reload [39m[2mcoverage/src/resume/ResumeDocument.tsx.html[22m
[2m1:44:56 AM[22m [36m[1m[vite][22m[39m [90m[2m(client)[22m[39m [32mpage reload [39m[2mcoverage/src/lib/index.html[22m
[2m1:44:56 AM[22m [36m[1m[vite][22m[39m [90m[2m(client)[22m[39m [32mpage reload [39m[2mcoverage/src/lib/utils.ts.html[22m
[2m1:44:56 AM[22m [36m[1m[vite][22m[39m [90m[2m(client)[22m[39m [32mpage reload [39m[2mcoverage/src/services/generateResumeRequest.ts.html[22m
[2m1:44:56 AM[22m [36m[1m[vite][22m[39m [90m[2m(client)[22m[39m [32mpage reload [39m[2mcoverage/src/services/index.html[22m
[2m1:44:56 AM[22m [36m[1m[vite][22m[39m [90m[2m(client)[22m[39m [32mpage reload [39m[2mcoverage/src/services/profileData.ts.html[22m
[2m1:44:56 AM[22m [36m[1m[vite][22m[39m [90m[2m(client)[22m[39m [32mpage reload [39m[2mcoverage/src/services/profileService.ts.html[22m
[2m1:44:56 AM[22m [36m[1m[vite][22m[39m [90m[2m(client)[22m[39m [32mpage reload [39m[2mcoverage/src/services/resumeService.ts.html[22m
[2m1:44:56 AM[22m [36m[1m[vite][22m[39m [90m[2m(client)[22m[39m [32mpage reload [39m[2mcoverage/src/services/skillsData.ts.html[22m
[2m1:44:56 AM[22m [36m[1m[vite][22m[39m [90m[2m(client)[22m[39m [32mpage reload [39m[2mcoverage/index.html[22m
[2m1:44:56 AM[22m [36m[1m[vite][22m[39m [90m[2m(client)[22m[39m [32mpage reload [39m[2mcoverage/src/test/index.html[22m
[2m1:44:56 AM[22m [36m[1m[vite][22m[39m [90m[2m(client)[22m[39m [32mpage reload [39m[2mcoverage/src/test/renderWithProviders.tsx.html[22m
[2m1:44:56 AM[22m [36m[1m[vite][22m[39m [90m[2m(client)[22m[39m [32mpage reload [39m[2mcoverage/src/test/fixtures/index.html[22m
[2m1:44:56 AM[22m [36m[1m[vite][22m[39m [90m[2m(client)[22m[39m [32mpage reload [39m[2mcoverage/src/test/fixtures/jobAnalysis.ts.html[22m
[2m1:44:56 AM[22m [36m[1m[vite][22m[39m [90m[2m(client)[22m[39m [32mpage reload [39m[2mcoverage/src/test/fixtures/profile.ts.html[22m
[2m1:44:56 AM[22m [36m[1m[vite][22m[39m [90m[2m(client)[22m[39m [32mpage reload [39m[2mcoverage/src/test/fixtures/profileMatch.ts.html[22m
[2m1:44:56 AM[22m [36m[1m[vite][22m[39m [90m[2m(client)[22m[39m [32mpage reload [39m[2mcoverage/src/test/fixtures/resume.ts.html[22m
[2m1:49:02 AM[22m [36m[1m[vite][22m[39m [90m[2m(client)[22m[39m [32mhmr update [39m[2m/src/styles.css[22m
[2m1:49:02 AM[22m [36m[1m[vite][22m[39m [90m[2m(client)[22m[39m [32mhmr update [39m[2m/src/styles.css[22m
[2m1:49:02 AM[22m [36m[1m[vite][22m[39m [90m[2m(client)[22m[39m [32mhmr update [39m[2m/src/styles.css[22m
[2m1:49:02 AM[22m [36m[1m[vite][22m[39m [90m[2m(client)[22m[39m [32mhmr update [39m[2m/src/styles.css[22m
[2m1:49:02 AM[22m [36m[1m[vite][22m[39m [90m[2m(client)[22m[39m [32mpage reload [39m[2mcoverage/index.html[22m
[2m1:49:02 AM[22m [36m[1m[vite][22m[39m [90m[2m(client)[22m[39m [32mhmr update [39m[2m/src/styles.css[22m
[2m1:49:02 AM[22m [36m[1m[vite][22m[39m [90m[2m(client)[22m[39m [32mhmr update [39m[2m/src/styles.css[22m
[2m1:49:02 AM[22m [36m[1m[vite][22m[39m [90m[2m(client)[22m[39m [32mhmr update [39m[2m/src/styles.css[22m
[2m1:49:02 AM[22m [36m[1m[vite][22m[39m [90m[2m(client)[22m[39m [32mpage reload [39m[2mcoverage/src/App.tsx.html[22m
[2m1:49:02 AM[22m [36m[1m[vite][22m[39m [90m[2m(client)[22m[39m [32mpage reload [39m[2mcoverage/src/assets/index.html[22m
[2m1:49:02 AM[22m [36m[1m[vite][22m[39m [90m[2m(client)[22m[39m [32mpage reload [39m[2mcoverage/src/assets/jobyro-icon-teal.png.html[22m
[2m1:49:02 AM[22m [36m[1m[vite][22m[39m [90m[2m(client)[22m[39m [32mpage reload [39m[2mcoverage/src/hooks/useResumeAutosave.ts.html[22m
[2m1:49:02 AM[22m [36m[1m[vite][22m[39m [90m[2m(client)[22m[39m [32mpage reload [39m[2mcoverage/src/hooks/index.html[22m
[2m1:49:02 AM[22m [36m[1m[vite][22m[39m [90m[2m(client)[22m[39m [32mpage reload [39m[2mcoverage/src/index.html[22m
[2m1:49:02 AM[22m [36m[1m[vite][22m[39m [90m[2m(client)[22m[39m [32mpage reload [39m[2mcoverage/src/lib/index.html[22m
[2m1:49:03 AM[22m [36m[1m[vite][22m[39m [90m[2m(client)[22m[39m [32mpage reload [39m[2mcoverage/src/lib/utils.ts.html[22m
[2m1:49:03 AM[22m [36m[1m[vite][22m[39m [90m[2m(client)[22m[39m [32mpage reload [39m[2mcoverage/src/components/index.html[22m
[2m1:49:03 AM[22m [36m[1m[vite][22m[39m [90m[2m(client)[22m[39m [32mpage reload [39m[2mcoverage/src/resume/format.ts.html[22m
[2m1:49:03 AM[22m [36m[1m[vite][22m[39m [90m[2m(client)[22m[39m [32mpage reload [39m[2mcoverage/src/resume/index.html[22m
[2m1:49:03 AM[22m [36m[1m[vite][22m[39m [90m[2m(client)[22m[39m [32mpage reload [39m[2mcoverage/src/resume/ResumeDocument.tsx.html[22m
[2m1:49:03 AM[22m [36m[1m[vite][22m[39m [90m[2m(client)[22m[39m [32mpage reload [39m[2mcoverage/src/services/generateResumeRequest.ts.html[22m
[2m1:49:03 AM[22m [36m[1m[vite][22m[39m [90m[2m(client)[22m[39m [32mpage reload [39m[2mcoverage/src/services/index.html[22m
[2m1:49:03 AM[22m [36m[1m[vite][22m[39m [90m[2m(client)[22m[39m [32mpage reload [39m[2mcoverage/src/services/profileData.ts.html[22m
[2m1:49:03 AM[22m [36m[1m[vite][22m[39m [90m[2m(client)[22m[39m [32mpage reload [39m[2mcoverage/src/services/profileService.ts.html[22m
[2m1:49:03 AM[22m [36m[1m[vite][22m[39m [90m[2m(client)[22m[39m [32mpage reload [39m[2mcoverage/src/services/resumeService.ts.html[22m
[2m1:49:03 AM[22m [36m[1m[vite][22m[39m [90m[2m(client)[22m[39m [32mpage reload [39m[2mcoverage/src/services/skillsData.ts.html[22m
[2m1:49:03 AM[22m [36m[1m[vite][22m[39m [90m[2m(client)[22m[39m [32mpage reload [39m[2mcoverage/src/test/index.html[22m
[2m1:49:03 AM[22m [36m[1m[vite][22m[39m [90m[2m(client)[22m[39m [32mpage reload [39m[2mcoverage/src/components/generate/GenerateResumeWorkspace.tsx.html[22m
[2m1:49:03 AM[22m [36m[1m[vite][22m[39m [90m[2m(client)[22m[39m [32mpage reload [39m[2mcoverage/src/components/generate/index.html[22m
[2m1:49:03 AM[22m [36m[1m[vite][22m[39m [90m[2m(client)[22m[39m [32mpage reload [39m[2mcoverage/src/components/ui.tsx.html[22m
[2m1:49:03 AM[22m [36m[1m[vite][22m[39m [90m[2m(client)[22m[39m [32mpage reload [39m[2mcoverage/src/components/resume/index.html[22m
[2m1:49:03 AM[22m [36m[1m[vite][22m[39m [90m[2m(client)[22m[39m [32mpage reload [39m[2mcoverage/src/components/resume/ResumeDocumentEditor.tsx.html[22m
[2m1:49:03 AM[22m [36m[1m[vite][22m[39m [90m[2m(client)[22m[39m [32mpage reload [39m[2mcoverage/src/test/renderWithProviders.tsx.html[22m
[2m1:49:03 AM[22m [36m[1m[vite][22m[39m [90m[2m(client)[22m[39m [32mpage reload [39m[2mcoverage/src/test/fixtures/index.html[22m
[2m1:49:03 AM[22m [36m[1m[vite][22m[39m [90m[2m(client)[22m[39m [32mpage reload [39m[2mcoverage/src/test/fixtures/jobAnalysis.ts.html[22m
[2m1:49:03 AM[22m [36m[1m[vite][22m[39m [90m[2m(client)[22m[39m [32mpage reload [39m[2mcoverage/src/test/fixtures/profile.ts.html[22m
[2m1:49:03 AM[22m [36m[1m[vite][22m[39m [90m[2m(client)[22m[39m [32mpage reload [39m[2mcoverage/src/test/fixtures/profileMatch.ts.html[22m
[2m1:49:03 AM[22m [36m[1m[vite][22m[39m [90m[2m(client)[22m[39m [32mpage reload [39m[2mcoverage/src/test/fixtures/resume.ts.html[22m
[2m1:51:50 AM[22m [36m[1m[vite][22m[39m [90m[2m(client)[22m[39m [32mpage reload [39m[2mcoverage/index.html[22m
[2m1:51:50 AM[22m [36m[1m[vite][22m[39m [90m[2m(client)[22m[39m [32mpage reload [39m[2mcoverage/src/App.tsx.html[22m
[2m1:51:50 AM[22m [36m[1m[vite][22m[39m [90m[2m(client)[22m[39m [32mpage reload [39m[2mcoverage/src/index.html[22m
[2m1:51:50 AM[22m [36m[1m[vite][22m[39m [90m[2m(client)[22m[39m [32mpage reload [39m[2mcoverage/src/assets/index.html[22m
[2m1:51:50 AM[22m [36m[1m[vite][22m[39m [90m[2m(client)[22m[39m [32mpage reload [39m[2mcoverage/src/assets/jobyro-icon-teal.png.html[22m
[2m1:51:50 AM[22m [36m[1m[vite][22m[39m [90m[2m(client)[22m[39m [32mpage reload [39m[2mcoverage/src/assets/jobyro-icon-teal.png.html[22m
[2m1:51:50 AM[22m [36m[1m[vite][22m[39m [90m[2m(client)[22m[39m [32mpage reload [39m[2mcoverage/src/components/index.html[22m
[2m1:51:50 AM[22m [36m[1m[vite][22m[39m [90m[2m(client)[22m[39m [32mpage reload [39m[2mcoverage/src/components/ui.tsx.html[22m
[2m1:51:51 AM[22m [36m[1m[vite][22m[39m [90m[2m(client)[22m[39m [32mpage reload [39m[2mcoverage/src/components/generate/GenerateResumeWorkspace.tsx.html[22m
[2m1:51:51 AM[22m [36m[1m[vite][22m[39m [90m[2m(client)[22m[39m [32mpage reload [39m[2mcoverage/src/components/generate/index.html[22m
[2m1:51:51 AM[22m [36m[1m[vite][22m[39m [90m[2m(client)[22m[39m [32mpage reload [39m[2mcoverage/src/components/resume/index.html[22m
[2m1:51:51 AM[22m [36m[1m[vite][22m[39m [90m[2m(client)[22m[39m [32mpage reload [39m[2mcoverage/src/components/resume/ResumeDocumentEditor.tsx.html[22m
[2m1:51:51 AM[22m [36m[1m[vite][22m[39m [90m[2m(client)[22m[39m [32mpage reload [39m[2mcoverage/src/hooks/index.html[22m
[2m1:51:51 AM[22m [36m[1m[vite][22m[39m [90m[2m(client)[22m[39m [32mpage reload [39m[2mcoverage/src/hooks/useResumeAutosave.ts.html[22m
[2m1:51:51 AM[22m [36m[1m[vite][22m[39m [90m[2m(client)[22m[39m [32mpage reload [39m[2mcoverage/src/lib/index.html[22m
[2m1:51:51 AM[22m [36m[1m[vite][22m[39m [90m[2m(client)[22m[39m [32mpage reload [39m[2mcoverage/src/lib/utils.ts.html[22m
[2m1:51:51 AM[22m [36m[1m[vite][22m[39m [90m[2m(client)[22m[39m [32mpage reload [39m[2mcoverage/index.html[22m
[2m1:51:51 AM[22m [36m[1m[vite][22m[39m [90m[2m(client)[22m[39m [32mpage reload [39m[2mcoverage/src/resume/format.ts.html[22m
[2m1:51:51 AM[22m [36m[1m[vite][22m[39m [90m[2m(client)[22m[39m [32mpage reload [39m[2mcoverage/src/resume/index.html[22m
[2m1:51:51 AM[22m [36m[1m[vite][22m[39m [90m[2m(client)[22m[39m [32mpage reload [39m[2mcoverage/src/resume/ResumeDocument.tsx.html[22m
[2m1:51:51 AM[22m [36m[1m[vite][22m[39m [90m[2m(client)[22m[39m [32mpage reload [39m[2mcoverage/src/services/generateResumeRequest.ts.html[22m
[2m1:51:51 AM[22m [36m[1m[vite][22m[39m [90m[2m(client)[22m[39m [32mpage reload [39m[2mcoverage/src/services/index.html[22m
[2m1:51:51 AM[22m [36m[1m[vite][22m[39m [90m[2m(client)[22m[39m [32mpage reload [39m[2mcoverage/src/services/profileData.ts.html[22m
[2m1:51:51 AM[22m [36m[1m[vite][22m[39m [90m[2m(client)[22m[39m [32mpage reload [39m[2mcoverage/src/services/profileService.ts.html[22m
[2m1:51:51 AM[22m [36m[1m[vite][22m[39m [90m[2m(client)[22m[39m [32mpage reload [39m[2mcoverage/src/services/skillsData.ts.html[22m
[2m1:51:51 AM[22m [36m[1m[vite][22m[39m [90m[2m(client)[22m[39m [32mpage reload [39m[2mcoverage/src/services/resumeService.ts.html[22m
[2m1:51:51 AM[22m [36m[1m[vite][22m[39m [90m[2m(client)[22m[39m [32mpage reload [39m[2mcoverage/src/test/index.html[22m
[2m1:51:51 AM[22m [36m[1m[vite][22m[39m [90m[2m(client)[22m[39m [32mpage reload [39m[2mcoverage/src/test/renderWithProviders.tsx.html[22m
[2m1:51:51 AM[22m [36m[1m[vite][22m[39m [90m[2m(client)[22m[39m [32mpage reload [39m[2mcoverage/src/test/fixtures/index.html[22m
[2m1:51:51 AM[22m [36m[1m[vite][22m[39m [90m[2m(client)[22m[39m [32mpage reload [39m[2mcoverage/src/test/fixtures/jobAnalysis.ts.html[22m
[2m1:51:51 AM[22m [36m[1m[vite][22m[39m [90m[2m(client)[22m[39m [32mpage reload [39m[2mcoverage/src/test/fixtures/profile.ts.html[22m
[2m1:51:51 AM[22m [36m[1m[vite][22m[39m [90m[2m(client)[22m[39m [32mpage reload [39m[2mcoverage/src/test/fixtures/profileMatch.ts.html[22m
[2m1:51:51 AM[22m [36m[1m[vite][22m[39m [90m[2m(client)[22m[39m [32mpage reload [39m[2mcoverage/src/test/fixtures/resume.ts.html[22m
[2m2:08:10 AM[22m [36m[1m[vite][22m[39m [90m[2m(client)[22m[39m [32mhmr update [39m[2m/src/styles.css[22m
[2m2:08:10 AM[22m [36m[1m[vite][22m[39m [90m[2m(client)[22m[39m [32mhmr update [39m[2m/src/styles.css[22m
[2m2:08:10 AM[22m [36m[1m[vite][22m[39m [90m[2m(client)[22m[39m [32mhmr update [39m[2m/src/styles.css[22m
[2m2:08:10 AM[22m [36m[1m[vite][22m[39m [90m[2m(client)[22m[39m [32mhmr update [39m[2m/src/styles.css[22m
[2m2:08:10 AM[22m [36m[1m[vite][22m[39m [90m[2m(client)[22m[39m [32mpage reload [39m[2mcoverage/index.html[22m
[2m2:08:10 AM[22m [36m[1m[vite][22m[39m [90m[2m(client)[22m[39m [32mhmr update [39m[2m/src/styles.css[22m
[2m2:08:10 AM[22m [36m[1m[vite][22m[39m [90m[2m(client)[22m[39m [32mhmr update [39m[2m/src/styles.css[22m
[2m2:08:10 AM[22m [36m[1m[vite][22m[39m [90m[2m(client)[22m[39m [32mhmr update [39m[2m/src/styles.css[22m
[2m2:08:10 AM[22m [36m[1m[vite][22m[39m [90m[2m(client)[22m[39m [32mpage reload [39m[2mcoverage/src/App.tsx.html[22m
[2m2:08:10 AM[22m [36m[1m[vite][22m[39m [90m[2m(client)[22m[39m [32mpage reload [39m[2mcoverage/src/assets/index.html[22m
[2m2:08:10 AM[22m [36m[1m[vite][22m[39m [90m[2m(client)[22m[39m [32mpage reload [39m[2mcoverage/src/assets/jobyro-icon-teal.png.html[22m
[2m2:08:10 AM[22m [36m[1m[vite][22m[39m [90m[2m(client)[22m[39m [32mpage reload [39m[2mcoverage/src/components/index.html[22m
[2m2:08:10 AM[22m [36m[1m[vite][22m[39m [90m[2m(client)[22m[39m [32mpage reload [39m[2mcoverage/src/components/ui.tsx.html[22m
[2m2:08:10 AM[22m [36m[1m[vite][22m[39m [90m[2m(client)[22m[39m [32mpage reload [39m[2mcoverage/src/components/generate/GenerateResumeWorkspace.tsx.html[22m
[2m2:08:10 AM[22m [36m[1m[vite][22m[39m [90m[2m(client)[22m[39m [32mpage reload [39m[2mcoverage/src/components/generate/index.html[22m
[2m2:08:10 AM[22m [36m[1m[vite][22m[39m [90m[2m(client)[22m[39m [32mpage reload [39m[2mcoverage/src/components/resume/index.html[22m
[2m2:08:10 AM[22m [36m[1m[vite][22m[39m [90m[2m(client)[22m[39m [32mpage reload [39m[2mcoverage/src/components/resume/ResumeDocumentEditor.tsx.html[22m
[2m2:08:10 AM[22m [36m[1m[vite][22m[39m [90m[2m(client)[22m[39m [32mpage reload [39m[2mcoverage/src/hooks/index.html[22m
[2m2:08:10 AM[22m [36m[1m[vite][22m[39m [90m[2m(client)[22m[39m [32mpage reload [39m[2mcoverage/src/hooks/useResumeAutosave.ts.html[22m
[2m2:08:10 AM[22m [36m[1m[vite][22m[39m [90m[2m(client)[22m[39m [32mpage reload [39m[2mcoverage/src/lib/index.html[22m
[2m2:08:10 AM[22m [36m[1m[vite][22m[39m [90m[2m(client)[22m[39m [32mpage reload [39m[2mcoverage/src/lib/utils.ts.html[22m
[2m2:08:10 AM[22m [36m[1m[vite][22m[39m [90m[2m(client)[22m[39m [32mpage reload [39m[2mcoverage/src/services/generateResumeRequest.ts.html[22m
[2m2:08:10 AM[22m [36m[1m[vite][22m[39m [90m[2m(client)[22m[39m [32mpage reload [39m[2mcoverage/src/services/index.html[22m
[2m2:08:10 AM[22m [36m[1m[vite][22m[39m [90m[2m(client)[22m[39m [32mpage reload [39m[2mcoverage/src/services/profileData.ts.html[22m
[2m2:08:10 AM[22m [36m[1m[vite][22m[39m [90m[2m(client)[22m[39m [32mpage reload [39m[2mcoverage/src/services/profileService.ts.html[22m
[2m2:08:10 AM[22m [36m[1m[vite][22m[39m [90m[2m(client)[22m[39m [32mpage reload [39m[2mcoverage/src/services/skillsData.ts.html[22m
[2m2:08:10 AM[22m [36m[1m[vite][22m[39m [90m[2m(client)[22m[39m [32mpage reload [39m[2mcoverage/src/services/resumeService.ts.html[22m
[2m2:08:10 AM[22m [36m[1m[vite][22m[39m [90m[2m(client)[22m[39m [32mpage reload [39m[2mcoverage/src/index.html[22m
[2m2:08:10 AM[22m [36m[1m[vite][22m[39m [90m[2m(client)[22m[39m [32mpage reload [39m[2mcoverage/src/resume/format.ts.html[22m
[2m2:08:10 AM[22m [36m[1m[vite][22m[39m [90m[2m(client)[22m[39m [32mpage reload [39m[2mcoverage/src/resume/index.html[22m
[2m2:08:10 AM[22m [36m[1m[vite][22m[39m [90m[2m(client)[22m[39m [32mpage reload [39m[2mcoverage/src/resume/ResumeDocument.tsx.html[22m
[2m2:08:10 AM[22m [36m[1m[vite][22m[39m [90m[2m(client)[22m[39m [32mpage reload [39m[2mcoverage/src/test/index.html[22m
[2m2:08:10 AM[22m [36m[1m[vite][22m[39m [90m[2m(client)[22m[39m [32mpage reload [39m[2mcoverage/src/test/renderWithProviders.tsx.html[22m
[2m2:08:10 AM[22m [36m[1m[vite][22m[39m [90m[2m(client)[22m[39m [32mpage reload [39m[2mcoverage/src/test/fixtures/index.html[22m
[2m2:08:10 AM[22m [36m[1m[vite][22m[39m [90m[2m(client)[22m[39m [32mpage reload [39m[2mcoverage/src/test/fixtures/jobAnalysis.ts.html[22m
[2m2:08:10 AM[22m [36m[1m[vite][22m[39m [90m[2m(client)[22m[39m [32mpage reload [39m[2mcoverage/src/test/fixtures/profile.ts.html[22m
[2m2:08:10 AM[22m [36m[1m[vite][22m[39m [90m[2m(client)[22m[39m [32mpage reload [39m[2mcoverage/src/test/fixtures/profileMatch.ts.html[22m
[2m2:08:10 AM[22m [36m[1m[vite][22m[39m [90m[2m(client)[22m[39m [32mpage reload [39m[2mcoverage/src/test/fixtures/resume.ts.html[22m
[2m2:08:53 AM[22m [36m[1m[vite][22m[39m [90m[2m(client)[22m[39m [32mpage reload [39m[2mcoverage/index.html[22m
[2m2:08:53 AM[22m [36m[1m[vite][22m[39m [90m[2m(client)[22m[39m [32mpage reload [39m[2mcoverage/src/App.tsx.html[22m
[2m2:08:53 AM[22m [36m[1m[vite][22m[39m [90m[2m(client)[22m[39m [32mpage reload [39m[2mcoverage/src/index.html[22m
[2m2:08:53 AM[22m [36m[1m[vite][22m[39m [90m[2m(client)[22m[39m [32mpage reload [39m[2mcoverage/src/App.tsx.html[22m
[2m2:08:53 AM[22m [36m[1m[vite][22m[39m [90m[2m(client)[22m[39m [32mpage reload [39m[2mcoverage/src/assets/index.html[22m
[2m2:08:53 AM[22m [36m[1m[vite][22m[39m [90m[2m(client)[22m[39m [32mpage reload [39m[2mcoverage/src/assets/jobyro-icon-teal.png.html[22m
[2m2:08:53 AM[22m [36m[1m[vite][22m[39m [90m[2m(client)[22m[39m [32mpage reload [39m[2mcoverage/src/assets/jobyro-icon-teal.png.html[22m
[2m2:08:53 AM[22m [36m[1m[vite][22m[39m [90m[2m(client)[22m[39m [32mpage reload [39m[2mcoverage/src/components/index.html[22m
[2m2:08:53 AM[22m [36m[1m[vite][22m[39m [90m[2m(client)[22m[39m [32mpage reload [39m[2mcoverage/src/components/ui.tsx.html[22m
[2m2:08:53 AM[22m [36m[1m[vite][22m[39m [90m[2m(client)[22m[39m [32mpage reload [39m[2mcoverage/src/hooks/index.html[22m
[2m2:08:53 AM[22m [36m[1m[vite][22m[39m [90m[2m(client)[22m[39m [32mpage reload [39m[2mcoverage/src/hooks/useResumeAutosave.ts.html[22m
[2m2:08:53 AM[22m [36m[1m[vite][22m[39m [90m[2m(client)[22m[39m [32mpage reload [39m[2mcoverage/src/components/generate/GenerateResumeWorkspace.tsx.html[22m
[2m2:08:53 AM[22m [36m[1m[vite][22m[39m [90m[2m(client)[22m[39m [32mpage reload [39m[2mcoverage/src/components/generate/index.html[22m
[2m2:08:53 AM[22m [36m[1m[vite][22m[39m [90m[2m(client)[22m[39m [32mpage reload [39m[2mcoverage/src/components/resume/index.html[22m
[2m2:08:53 AM[22m [36m[1m[vite][22m[39m [90m[2m(client)[22m[39m [32mpage reload [39m[2mcoverage/src/components/resume/ResumeDocumentEditor.tsx.html[22m
[2m2:08:53 AM[22m [36m[1m[vite][22m[39m [90m[2m(client)[22m[39m [32mpage reload [39m[2mcoverage/src/lib/index.html[22m
[2m2:08:53 AM[22m [36m[1m[vite][22m[39m [90m[2m(client)[22m[39m [32mpage reload [39m[2mcoverage/src/lib/utils.ts.html[22m
[2m2:08:53 AM[22m [36m[1m[vite][22m[39m [90m[2m(client)[22m[39m [32mpage reload [39m[2mcoverage/src/resume/format.ts.html[22m
[2m2:08:53 AM[22m [36m[1m[vite][22m[39m [90m[2m(client)[22m[39m [32mpage reload [39m[2mcoverage/src/resume/index.html[22m
[2m2:08:53 AM[22m [36m[1m[vite][22m[39m [90m[2m(client)[22m[39m [32mpage reload [39m[2mcoverage/src/resume/ResumeDocument.tsx.html[22m
[2m2:08:53 AM[22m [36m[1m[vite][22m[39m [90m[2m(client)[22m[39m [32mpage reload [39m[2mcoverage/src/services/generateResumeRequest.ts.html[22m
[2m2:08:53 AM[22m [36m[1m[vite][22m[39m [90m[2m(client)[22m[39m [32mpage reload [39m[2mcoverage/src/services/index.html[22m
[2m2:08:53 AM[22m [36m[1m[vite][22m[39m [90m[2m(client)[22m[39m [32mpage reload [39m[2mcoverage/src/services/profileData.ts.html[22m
[2m2:08:53 AM[22m [36m[1m[vite][22m[39m [90m[2m(client)[22m[39m [32mpage reload [39m[2mcoverage/src/services/profileService.ts.html[22m
[2m2:08:53 AM[22m [36m[1m[vite][22m[39m [90m[2m(client)[22m[39m [32mpage reload [39m[2mcoverage/src/services/resumeService.ts.html[22m
[2m2:08:53 AM[22m [36m[1m[vite][22m[39m [90m[2m(client)[22m[39m [32mpage reload [39m[2mcoverage/src/services/skillsData.ts.html[22m
[2m2:08:53 AM[22m [36m[1m[vite][22m[39m [90m[2m(client)[22m[39m [32mpage reload [39m[2mcoverage/src/test/index.html[22m
[2m2:08:53 AM[22m [36m[1m[vite][22m[39m [90m[2m(client)[22m[39m [32mpage reload [39m[2mcoverage/src/test/renderWithProviders.tsx.html[22m
[2m2:08:53 AM[22m [36m[1m[vite][22m[39m [90m[2m(client)[22m[39m [32mpage reload [39m[2mcoverage/src/test/fixtures/index.html[22m
[2m2:08:53 AM[22m [36m[1m[vite][22m[39m [90m[2m(client)[22m[39m [32mpage reload [39m[2mcoverage/src/test/fixtures/jobAnalysis.ts.html[22m
[2m2:08:54 AM[22m [36m[1m[vite][22m[39m [90m[2m(client)[22m[39m [32mpage reload [39m[2mcoverage/src/test/fixtures/profile.ts.html[22m
[2m2:08:54 AM[22m [36m[1m[vite][22m[39m [90m[2m(client)[22m[39m [32mpage reload [39m[2mcoverage/src/test/fixtures/profileMatch.ts.html[22m
[2m2:08:54 AM[22m [36m[1m[vite][22m[39m [90m[2m(client)[22m[39m [32mpage reload [39m[2mcoverage/src/test/fixtures/resume.ts.html[22m
[2m2:29:40 AM[22m [36m[1m[vite][22m[39m [90m[2m(client)[22m[39m [32mhmr update [39m[2m/src/styles.css[22m
[2m2:29:40 AM[22m [36m[1m[vite][22m[39m [90m[2m(client)[22m[39m [32mhmr update [39m[2m/src/styles.css[22m
[2m2:29:40 AM[22m [36m[1m[vite][22m[39m [90m[2m(client)[22m[39m [32mhmr update [39m[2m/src/styles.css[22m
[2m2:29:40 AM[22m [36m[1m[vite][22m[39m [90m[2m(client)[22m[39m [32mpage reload [39m[2mcoverage/index.html[22m
[2m2:29:40 AM[22m [36m[1m[vite][22m[39m [90m[2m(client)[22m[39m [32mhmr update [39m[2m/src/styles.css[22m
[2m2:29:40 AM[22m [36m[1m[vite][22m[39m [90m[2m(client)[22m[39m [32mhmr update [39m[2m/src/styles.css[22m
[2m2:29:40 AM[22m [36m[1m[vite][22m[39m [90m[2m(client)[22m[39m [32mhmr update [39m[2m/src/styles.css[22m
[2m2:29:40 AM[22m [36m[1m[vite][22m[39m [90m[2m(client)[22m[39m [32mhmr update [39m[2m/src/styles.css[22m
[2m2:29:40 AM[22m [36m[1m[vite][22m[39m [90m[2m(client)[22m[39m [32mpage reload [39m[2mcoverage/src/App.tsx.html[22m
[2m2:29:40 AM[22m [36m[1m[vite][22m[39m [90m[2m(client)[22m[39m [32mpage reload [39m[2mcoverage/src/components/index.html[22m
[2m2:29:40 AM[22m [36m[1m[vite][22m[39m [90m[2m(client)[22m[39m [32mpage reload [39m[2mcoverage/src/index.html[22m
[2m2:29:40 AM[22m [36m[1m[vite][22m[39m [90m[2m(client)[22m[39m [32mpage reload [39m[2mcoverage/src/assets/index.html[22m
[2m2:29:40 AM[22m [36m[1m[vite][22m[39m [90m[2m(client)[22m[39m [32mpage reload [39m[2mcoverage/src/assets/jobyro-icon-teal.png.html[22m
[2m2:29:40 AM[22m [36m[1m[vite][22m[39m [90m[2m(client)[22m[39m [32mpage reload [39m[2mcoverage/src/hooks/index.html[22m
[2m2:29:40 AM[22m [36m[1m[vite][22m[39m [90m[2m(client)[22m[39m [32mpage reload [39m[2mcoverage/src/hooks/useResumeAutosave.ts.html[22m
[2m2:29:40 AM[22m [36m[1m[vite][22m[39m [90m[2m(client)[22m[39m [32mpage reload [39m[2mcoverage/src/lib/index.html[22m
[2m2:29:40 AM[22m [36m[1m[vite][22m[39m [90m[2m(client)[22m[39m [32mpage reload [39m[2mcoverage/src/lib/utils.ts.html[22m
[2m2:29:40 AM[22m [36m[1m[vite][22m[39m [90m[2m(client)[22m[39m [32mpage reload [39m[2mcoverage/src/resume/format.ts.html[22m
[2m2:29:40 AM[22m [36m[1m[vite][22m[39m [90m[2m(client)[22m[39m [32mpage reload [39m[2mcoverage/src/resume/index.html[22m
[2m2:29:40 AM[22m [36m[1m[vite][22m[39m [90m[2m(client)[22m[39m [32mpage reload [39m[2mcoverage/src/resume/ResumeDocument.tsx.html[22m
[2m2:29:40 AM[22m [36m[1m[vite][22m[39m [90m[2m(client)[22m[39m [32mpage reload [39m[2mcoverage/src/services/generateResumeRequest.ts.html[22m
[2m2:29:40 AM[22m [36m[1m[vite][22m[39m [90m[2m(client)[22m[39m [32mpage reload [39m[2mcoverage/src/services/index.html[22m
[2m2:29:40 AM[22m [36m[1m[vite][22m[39m [90m[2m(client)[22m[39m [32mpage reload [39m[2mcoverage/src/services/profileData.ts.html[22m
[2m2:29:40 AM[22m [36m[1m[vite][22m[39m [90m[2m(client)[22m[39m [32mpage reload [39m[2mcoverage/src/services/profileService.ts.html[22m
[2m2:29:40 AM[22m [36m[1m[vite][22m[39m [90m[2m(client)[22m[39m [32mpage reload [39m[2mcoverage/src/services/resumeService.ts.html[22m
[2m2:29:40 AM[22m [36m[1m[vite][22m[39m [90m[2m(client)[22m[39m [32mpage reload [39m[2mcoverage/src/services/skillsData.ts.html[22m
[2m2:29:40 AM[22m [36m[1m[vite][22m[39m [90m[2m(client)[22m[39m [32mpage reload [39m[2mcoverage/src/test/index.html[22m
[2m2:29:40 AM[22m [36m[1m[vite][22m[39m [90m[2m(client)[22m[39m [32mpage reload [39m[2mcoverage/src/test/renderWithProviders.tsx.html[22m
[2m2:29:40 AM[22m [36m[1m[vite][22m[39m [90m[2m(client)[22m[39m [32mpage reload [39m[2mcoverage/src/test/fixtures/index.html[22m
[2m2:29:40 AM[22m [36m[1m[vite][22m[39m [90m[2m(client)[22m[39m [32mpage reload [39m[2mcoverage/src/test/fixtures/jobAnalysis.ts.html[22m
[2m2:29:40 AM[22m [36m[1m[vite][22m[39m [90m[2m(client)[22m[39m [32mpage reload [39m[2mcoverage/src/test/fixtures/profile.ts.html[22m
[2m2:29:40 AM[22m [36m[1m[vite][22m[39m [90m[2m(client)[22m[39m [32mpage reload [39m[2mcoverage/src/test/fixtures/profileMatch.ts.html[22m
[2m2:29:40 AM[22m [36m[1m[vite][22m[39m [90m[2m(client)[22m[39m [32mpage reload [39m[2mcoverage/src/test/fixtures/resume.ts.html[22m
[2m2:29:40 AM[22m [36m[1m[vite][22m[39m [90m[2m(client)[22m[39m [32mpage reload [39m[2mcoverage/src/components/generate/GenerateResumeWorkspace.tsx.html[22m
[2m2:29:40 AM[22m [36m[1m[vite][22m[39m [90m[2m(client)[22m[39m [32mpage reload [39m[2mcoverage/src/components/generate/index.html[22m
[2m2:29:40 AM[22m [36m[1m[vite][22m[39m [90m[2m(client)[22m[39m [32mpage reload [39m[2mcoverage/src/components/resume/index.html[22m
[2m2:29:40 AM[22m [36m[1m[vite][22m[39m [90m[2m(client)[22m[39m [32mpage reload [39m[2mcoverage/src/components/resume/ResumeDocumentEditor.tsx.html[22m
[2m2:29:40 AM[22m [36m[1m[vite][22m[39m [90m[2m(client)[22m[39m [32mpage reload [39m[2mcoverage/src/components/ui.tsx.html[22m
[2m2:30:24 AM[22m [36m[1m[vite][22m[39m [90m[2m(client)[22m[39m [32mpage reload [39m[2mcoverage/index.html[22m
[2m2:30:24 AM[22m [36m[1m[vite][22m[39m [90m[2m(client)[22m[39m [32mpage reload [39m[2mcoverage/src/App.tsx.html[22m
[2m2:30:24 AM[22m [36m[1m[vite][22m[39m [90m[2m(client)[22m[39m [32mpage reload [39m[2mcoverage/src/index.html[22m
[2m2:30:24 AM[22m [36m[1m[vite][22m[39m [90m[2m(client)[22m[39m [32mpage reload [39m[2mcoverage/src/App.tsx.html[22m
[2m2:30:24 AM[22m [36m[1m[vite][22m[39m [90m[2m(client)[22m[39m [32mpage reload [39m[2mcoverage/src/assets/index.html[22m
[2m2:30:24 AM[22m [36m[1m[vite][22m[39m [90m[2m(client)[22m[39m [32mpage reload [39m[2mcoverage/src/assets/jobyro-icon-teal.png.html[22m
[2m2:30:24 AM[22m [36m[1m[vite][22m[39m [90m[2m(client)[22m[39m [32mpage reload [39m[2mcoverage/src/assets/jobyro-icon-teal.png.html[22m
[2m2:30:24 AM[22m [36m[1m[vite][22m[39m [90m[2m(client)[22m[39m [32mpage reload [39m[2mcoverage/src/components/index.html[22m
[2m2:30:24 AM[22m [36m[1m[vite][22m[39m [90m[2m(client)[22m[39m [32mpage reload [39m[2mcoverage/src/components/ui.tsx.html[22m
[2m2:30:24 AM[22m [36m[1m[vite][22m[39m [90m[2m(client)[22m[39m [32mpage reload [39m[2mcoverage/src/hooks/index.html[22m
[2m2:30:24 AM[22m [36m[1m[vite][22m[39m [90m[2m(client)[22m[39m [32mpage reload [39m[2mcoverage/src/hooks/useResumeAutosave.ts.html[22m
[2m2:30:24 AM[22m [36m[1m[vite][22m[39m [90m[2m(client)[22m[39m [32mpage reload [39m[2mcoverage/src/lib/index.html[22m
[2m2:30:24 AM[22m [36m[1m[vite][22m[39m [90m[2m(client)[22m[39m [32mpage reload [39m[2mcoverage/src/lib/utils.ts.html[22m
[2m2:30:24 AM[22m [36m[1m[vite][22m[39m [90m[2m(client)[22m[39m [32mpage reload [39m[2mcoverage/src/resume/format.ts.html[22m
[2m2:30:24 AM[22m [36m[1m[vite][22m[39m [90m[2m(client)[22m[39m [32mpage reload [39m[2mcoverage/src/resume/index.html[22m
[2m2:30:24 AM[22m [36m[1m[vite][22m[39m [90m[2m(client)[22m[39m [32mpage reload [39m[2mcoverage/src/resume/ResumeDocument.tsx.html[22m
[2m2:30:24 AM[22m [36m[1m[vite][22m[39m [90m[2m(client)[22m[39m [32mpage reload [39m[2mcoverage/src/components/generate/GenerateResumeWorkspace.tsx.html[22m
[2m2:30:24 AM[22m [36m[1m[vite][22m[39m [90m[2m(client)[22m[39m [32mpage reload [39m[2mcoverage/src/components/generate/index.html[22m
[2m2:30:24 AM[22m [36m[1m[vite][22m[39m [90m[2m(client)[22m[39m [32mpage reload [39m[2mcoverage/src/components/resume/index.html[22m
[2m2:30:24 AM[22m [36m[1m[vite][22m[39m [90m[2m(client)[22m[39m [32mpage reload [39m[2mcoverage/src/components/resume/ResumeDocumentEditor.tsx.html[22m
[2m2:30:24 AM[22m [36m[1m[vite][22m[39m [90m[2m(client)[22m[39m [32mpage reload [39m[2mcoverage/src/services/generateResumeRequest.ts.html[22m
[2m2:30:24 AM[22m [36m[1m[vite][22m[39m [90m[2m(client)[22m[39m [32mpage reload [39m[2mcoverage/src/services/index.html[22m
[2m2:30:24 AM[22m [36m[1m[vite][22m[39m [90m[2m(client)[22m[39m [32mpage reload [39m[2mcoverage/src/services/profileData.ts.html[22m
[2m2:30:24 AM[22m [36m[1m[vite][22m[39m [90m[2m(client)[22m[39m [32mpage reload [39m[2mcoverage/src/services/profileService.ts.html[22m
[2m2:30:24 AM[22m [36m[1m[vite][22m[39m [90m[2m(client)[22m[39m [32mpage reload [39m[2mcoverage/src/services/resumeService.ts.html[22m
[2m2:30:24 AM[22m [36m[1m[vite][22m[39m [90m[2m(client)[22m[39m [32mpage reload [39m[2mcoverage/src/services/skillsData.ts.html[22m
[2m2:30:24 AM[22m [36m[1m[vite][22m[39m [90m[2m(client)[22m[39m [32mpage reload [39m[2mcoverage/index.html[22m
[2m2:30:24 AM[22m [36m[1m[vite][22m[39m [90m[2m(client)[22m[39m [32mpage reload [39m[2mcoverage/src/test/index.html[22m
[2m2:30:24 AM[22m [36m[1m[vite][22m[39m [90m[2m(client)[22m[39m [32mpage reload [39m[2mcoverage/src/test/renderWithProviders.tsx.html[22m
[2m2:30:24 AM[22m [36m[1m[vite][22m[39m [90m[2m(client)[22m[39m [32mpage reload [39m[2mcoverage/src/test/fixtures/index.html[22m
[2m2:30:24 AM[22m [36m[1m[vite][22m[39m [90m[2m(client)[22m[39m [32mpage reload [39m[2mcoverage/src/test/fixtures/jobAnalysis.ts.html[22m
[2m2:30:24 AM[22m [36m[1m[vite][22m[39m [90m[2m(client)[22m[39m [32mpage reload [39m[2mcoverage/src/test/fixtures/profile.ts.html[22m
[2m2:30:24 AM[22m [36m[1m[vite][22m[39m [90m[2m(client)[22m[39m [32mpage reload [39m[2mcoverage/src/test/fixtures/profileMatch.ts.html[22m
[2m2:30:24 AM[22m [36m[1m[vite][22m[39m [90m[2m(client)[22m[39m [32mpage reload [39m[2mcoverage/src/test/fixtures/resume.ts.html[22m
[2m2:52:06 AM[22m [36m[1m[vite][22m[39m [90m[2m(client)[22m[39m [32mhmr update [39m[2m/src/styles.css[22m
[2m2:52:06 AM[22m [36m[1m[vite][22m[39m [90m[2m(client)[22m[39m [32mhmr update [39m[2m/src/styles.css[22m
[2m2:52:06 AM[22m [36m[1m[vite][22m[39m [90m[2m(client)[22m[39m [32mpage reload [39m[2mcoverage/index.html[22m
[2m2:52:06 AM[22m [36m[1m[vite][22m[39m [90m[2m(client)[22m[39m [32mhmr update [39m[2m/src/styles.css[22m
[2m2:52:06 AM[22m [36m[1m[vite][22m[39m [90m[2m(client)[22m[39m [32mhmr update [39m[2m/src/styles.css[22m
[2m2:52:06 AM[22m [36m[1m[vite][22m[39m [90m[2m(client)[22m[39m [32mhmr update [39m[2m/src/styles.css[22m
[2m2:52:06 AM[22m [36m[1m[vite][22m[39m [90m[2m(client)[22m[39m [32mhmr update [39m[2m/src/styles.css[22m
[2m2:52:06 AM[22m [36m[1m[vite][22m[39m [90m[2m(client)[22m[39m [32mhmr update [39m[2m/src/styles.css[22m
[2m2:52:06 AM[22m [36m[1m[vite][22m[39m [90m[2m(client)[22m[39m [32mpage reload [39m[2mcoverage/src/App.tsx.html[22m
[2m2:52:06 AM[22m [36m[1m[vite][22m[39m [90m[2m(client)[22m[39m [32mpage reload [39m[2mcoverage/src/assets/index.html[22m
[2m2:52:06 AM[22m [36m[1m[vite][22m[39m [90m[2m(client)[22m[39m [32mpage reload [39m[2mcoverage/src/assets/jobyro-icon-teal.png.html[22m
[2m2:52:06 AM[22m [36m[1m[vite][22m[39m [90m[2m(client)[22m[39m [32mpage reload [39m[2mcoverage/src/components/index.html[22m
[2m2:52:06 AM[22m [36m[1m[vite][22m[39m [90m[2m(client)[22m[39m [32mpage reload [39m[2mcoverage/src/hooks/index.html[22m
[2m2:52:06 AM[22m [36m[1m[vite][22m[39m [90m[2m(client)[22m[39m [32mpage reload [39m[2mcoverage/src/hooks/useResumeAutosave.ts.html[22m
[2m2:52:06 AM[22m [36m[1m[vite][22m[39m [90m[2m(client)[22m[39m [32mpage reload [39m[2mcoverage/src/index.html[22m
[2m2:52:06 AM[22m [36m[1m[vite][22m[39m [90m[2m(client)[22m[39m [32mpage reload [39m[2mcoverage/src/components/ui.tsx.html[22m
[2m2:52:06 AM[22m [36m[1m[vite][22m[39m [90m[2m(client)[22m[39m [32mpage reload [39m[2mcoverage/src/components/generate/GenerateResumeWorkspace.tsx.html[22m
[2m2:52:06 AM[22m [36m[1m[vite][22m[39m [90m[2m(client)[22m[39m [32mpage reload [39m[2mcoverage/src/components/generate/index.html[22m
[2m2:52:06 AM[22m [36m[1m[vite][22m[39m [90m[2m(client)[22m[39m [32mpage reload [39m[2mcoverage/src/components/resume/index.html[22m
[2m2:52:06 AM[22m [36m[1m[vite][22m[39m [90m[2m(client)[22m[39m [32mpage reload [39m[2mcoverage/src/components/resume/ResumeDocumentEditor.tsx.html[22m
[2m2:52:06 AM[22m [36m[1m[vite][22m[39m [90m[2m(client)[22m[39m [32mpage reload [39m[2mcoverage/src/lib/index.html[22m
[2m2:52:06 AM[22m [36m[1m[vite][22m[39m [90m[2m(client)[22m[39m [32mpage reload [39m[2mcoverage/src/lib/utils.ts.html[22m
[2m2:52:06 AM[22m [36m[1m[vite][22m[39m [90m[2m(client)[22m[39m [32mpage reload [39m[2mcoverage/src/resume/format.ts.html[22m
[2m2:52:06 AM[22m [36m[1m[vite][22m[39m [90m[2m(client)[22m[39m [32mpage reload [39m[2mcoverage/src/resume/index.html[22m
[2m2:52:06 AM[22m [36m[1m[vite][22m[39m [90m[2m(client)[22m[39m [32mpage reload [39m[2mcoverage/src/resume/ResumeDocument.tsx.html[22m
[2m2:52:06 AM[22m [36m[1m[vite][22m[39m [90m[2m(client)[22m[39m [32mpage reload [39m[2mcoverage/src/services/generateResumeRequest.ts.html[22m
[2m2:52:06 AM[22m [36m[1m[vite][22m[39m [90m[2m(client)[22m[39m [32mpage reload [39m[2mcoverage/src/services/index.html[22m
[2m2:52:06 AM[22m [36m[1m[vite][22m[39m [90m[2m(client)[22m[39m [32mpage reload [39m[2mcoverage/src/services/profileData.ts.html[22m
[2m2:52:06 AM[22m [36m[1m[vite][22m[39m [90m[2m(client)[22m[39m [32mpage reload [39m[2mcoverage/src/services/profileService.ts.html[22m
[2m2:52:06 AM[22m [36m[1m[vite][22m[39m [90m[2m(client)[22m[39m [32mpage reload [39m[2mcoverage/src/services/resumeService.ts.html[22m
[2m2:52:06 AM[22m [36m[1m[vite][22m[39m [90m[2m(client)[22m[39m [32mpage reload [39m[2mcoverage/src/services/skillsData.ts.html[22m
[2m2:52:06 AM[22m [36m[1m[vite][22m[39m [90m[2m(client)[22m[39m [32mpage reload [39m[2mcoverage/src/test/index.html[22m
[2m2:52:06 AM[22m [36m[1m[vite][22m[39m [90m[2m(client)[22m[39m [32mpage reload [39m[2mcoverage/src/test/renderWithProviders.tsx.html[22m
[2m2:52:06 AM[22m [36m[1m[vite][22m[39m [90m[2m(client)[22m[39m [32mpage reload [39m[2mcoverage/src/test/fixtures/index.html[22m
[2m2:52:06 AM[22m [36m[1m[vite][22m[39m [90m[2m(client)[22m[39m [32mpage reload [39m[2mcoverage/src/test/fixtures/jobAnalysis.ts.html[22m
[2m2:52:06 AM[22m [36m[1m[vite][22m[39m [90m[2m(client)[22m[39m [32mpage reload [39m[2mcoverage/src/test/fixtures/profile.ts.html[22m
[2m2:52:06 AM[22m [36m[1m[vite][22m[39m [90m[2m(client)[22m[39m [32mpage reload [39m[2mcoverage/src/test/fixtures/profileMatch.ts.html[22m
[2m2:52:06 AM[22m [36m[1m[vite][22m[39m [90m[2m(client)[22m[39m [32mpage reload [39m[2mcoverage/src/test/fixtures/resume.ts.html[22m
[2m2:52:55 AM[22m [36m[1m[vite][22m[39m [90m[2m(client)[22m[39m [32mpage reload [39m[2mcoverage/index.html[22m
[2m2:52:55 AM[22m [36m[1m[vite][22m[39m [90m[2m(client)[22m[39m [32mpage reload [39m[2mcoverage/src/App.tsx.html[22m
[2m2:52:55 AM[22m [36m[1m[vite][22m[39m [90m[2m(client)[22m[39m [32mpage reload [39m[2mcoverage/src/index.html[22m
[2m2:52:55 AM[22m [36m[1m[vite][22m[39m [90m[2m(client)[22m[39m [32mpage reload [39m[2mcoverage/src/assets/index.html[22m
[2m2:52:55 AM[22m [36m[1m[vite][22m[39m [90m[2m(client)[22m[39m [32mpage reload [39m[2mcoverage/src/assets/jobyro-icon-teal.png.html[22m
[2m2:52:55 AM[22m [36m[1m[vite][22m[39m [90m[2m(client)[22m[39m [32mpage reload [39m[2mcoverage/src/assets/jobyro-icon-teal.png.html[22m
[2m2:52:55 AM[22m [36m[1m[vite][22m[39m [90m[2m(client)[22m[39m [32mpage reload [39m[2mcoverage/src/components/index.html[22m
[2m2:52:55 AM[22m [36m[1m[vite][22m[39m [90m[2m(client)[22m[39m [32mpage reload [39m[2mcoverage/src/components/ui.tsx.html[22m
[2m2:52:55 AM[22m [36m[1m[vite][22m[39m [90m[2m(client)[22m[39m [32mpage reload [39m[2mcoverage/src/hooks/index.html[22m
[2m2:52:55 AM[22m [36m[1m[vite][22m[39m [90m[2m(client)[22m[39m [32mpage reload [39m[2mcoverage/src/hooks/useResumeAutosave.ts.html[22m
[2m2:52:55 AM[22m [36m[1m[vite][22m[39m [90m[2m(client)[22m[39m [32mpage reload [39m[2mcoverage/src/lib/index.html[22m
[2m2:52:55 AM[22m [36m[1m[vite][22m[39m [90m[2m(client)[22m[39m [32mpage reload [39m[2mcoverage/src/lib/utils.ts.html[22m
[2m2:52:55 AM[22m [36m[1m[vite][22m[39m [90m[2m(client)[22m[39m [32mpage reload [39m[2mcoverage/src/services/generateResumeRequest.ts.html[22m
[2m2:52:55 AM[22m [36m[1m[vite][22m[39m [90m[2m(client)[22m[39m [32mpage reload [39m[2mcoverage/src/services/index.html[22m
[2m2:52:55 AM[22m [36m[1m[vite][22m[39m [90m[2m(client)[22m[39m [32mpage reload [39m[2mcoverage/src/services/profileData.ts.html[22m
[2m2:52:55 AM[22m [36m[1m[vite][22m[39m [90m[2m(client)[22m[39m [32mpage reload [39m[2mcoverage/src/services/profileService.ts.html[22m
[2m2:52:55 AM[22m [36m[1m[vite][22m[39m [90m[2m(client)[22m[39m [32mpage reload [39m[2mcoverage/src/services/resumeService.ts.html[22m
[2m2:52:55 AM[22m [36m[1m[vite][22m[39m [90m[2m(client)[22m[39m [32mpage reload [39m[2mcoverage/src/services/skillsData.ts.html[22m
[2m2:52:55 AM[22m [36m[1m[vite][22m[39m [90m[2m(client)[22m[39m [32mpage reload [39m[2mcoverage/src/resume/format.ts.html[22m
[2m2:52:55 AM[22m [36m[1m[vite][22m[39m [90m[2m(client)[22m[39m [32mpage reload [39m[2mcoverage/src/resume/index.html[22m
[2m2:52:55 AM[22m [36m[1m[vite][22m[39m [90m[2m(client)[22m[39m [32mpage reload [39m[2mcoverage/src/resume/ResumeDocument.tsx.html[22m
[2m2:52:55 AM[22m [36m[1m[vite][22m[39m [90m[2m(client)[22m[39m [32mpage reload [39m[2mcoverage/src/components/generate/GenerateResumeWorkspace.tsx.html[22m
[2m2:52:55 AM[22m [36m[1m[vite][22m[39m [90m[2m(client)[22m[39m [32mpage reload [39m[2mcoverage/src/components/generate/index.html[22m
[2m2:52:55 AM[22m [36m[1m[vite][22m[39m [90m[2m(client)[22m[39m [32mpage reload [39m[2mcoverage/src/components/resume/index.html[22m
[2m2:52:55 AM[22m [36m[1m[vite][22m[39m [90m[2m(client)[22m[39m [32mpage reload [39m[2mcoverage/src/components/resume/ResumeDocumentEditor.tsx.html[22m
[2m2:52:55 AM[22m [36m[1m[vite][22m[39m [90m[2m(client)[22m[39m [32mpage reload [39m[2mcoverage/src/test/index.html[22m
[2m2:52:55 AM[22m [36m[1m[vite][22m[39m [90m[2m(client)[22m[39m [32mpage reload [39m[2mcoverage/src/test/renderWithProviders.tsx.html[22m
[2m2:52:55 AM[22m [36m[1m[vite][22m[39m [90m[2m(client)[22m[39m [32mpage reload [39m[2mcoverage/src/test/fixtures/index.html[22m
[2m2:52:55 AM[22m [36m[1m[vite][22m[39m [90m[2m(client)[22m[39m [32mpage reload [39m[2mcoverage/src/test/fixtures/jobAnalysis.ts.html[22m
[2m2:52:55 AM[22m [36m[1m[vite][22m[39m [90m[2m(client)[22m[39m [32mpage reload [39m[2mcoverage/src/test/fixtures/profile.ts.html[22m
[2m2:52:55 AM[22m [36m[1m[vite][22m[39m [90m[2m(client)[22m[39m [32mpage reload [39m[2mcoverage/src/test/fixtures/profileMatch.ts.html[22m
[2m2:52:55 AM[22m [36m[1m[vite][22m[39m [90m[2m(client)[22m[39m [32mpage reload [39m[2mcoverage/src/test/fixtures/resume.ts.html[22m
[2m7:47:04 AM[22m [36m[1m[vite][22m[39m [90m[2m(client)[22m[39m [32mhmr update [39m[2m/src/styles.css[22m
[2m7:47:04 AM[22m [36m[1m[vite][22m[39m [90m[2m(client)[22m[39m [32mhmr update [39m[2m/src/styles.css[22m
[2m7:47:04 AM[22m [36m[1m[vite][22m[39m [90m[2m(client)[22m[39m [32mhmr update [39m[2m/src/styles.css[22m
[2m7:47:04 AM[22m [36m[1m[vite][22m[39m [90m[2m(client)[22m[39m [32mhmr update [39m[2m/src/styles.css[22m
[2m7:47:04 AM[22m [36m[1m[vite][22m[39m [90m[2m(client)[22m[39m [32mhmr update [39m[2m/src/styles.css[22m
[2m7:47:04 AM[22m [36m[1m[vite][22m[39m [90m[2m(client)[22m[39m [32mhmr update [39m[2m/src/styles.css[22m
[2m7:47:04 AM[22m [36m[1m[vite][22m[39m [90m[2m(client)[22m[39m [32mpage reload [39m[2mcoverage/index.html[22m
[2m7:47:04 AM[22m [36m[1m[vite][22m[39m [90m[2m(client)[22m[39m [32mhmr update [39m[2m/src/styles.css[22m
[2m7:47:04 AM[22m [36m[1m[vite][22m[39m [90m[2m(client)[22m[39m [32mpage reload [39m[2mcoverage/src/App.tsx.html[22m
[2m7:47:04 AM[22m [36m[1m[vite][22m[39m [90m[2m(client)[22m[39m [32mpage reload [39m[2mcoverage/src/index.html[22m
[2m7:47:04 AM[22m [36m[1m[vite][22m[39m [90m[2m(client)[22m[39m [32mpage reload [39m[2mcoverage/src/assets/index.html[22m
[2m7:47:04 AM[22m [36m[1m[vite][22m[39m [90m[2m(client)[22m[39m [32mpage reload [39m[2mcoverage/src/assets/jobyro-icon-teal.png.html[22m
[2m7:47:04 AM[22m [36m[1m[vite][22m[39m [90m[2m(client)[22m[39m [32mpage reload [39m[2mcoverage/src/hooks/index.html[22m
[2m7:47:05 AM[22m [36m[1m[vite][22m[39m [90m[2m(client)[22m[39m [32mpage reload [39m[2mcoverage/src/hooks/useResumeAutosave.ts.html[22m
[2m7:47:05 AM[22m [36m[1m[vite][22m[39m [90m[2m(client)[22m[39m [32mpage reload [39m[2mcoverage/src/lib/index.html[22m
[2m7:47:05 AM[22m [36m[1m[vite][22m[39m [90m[2m(client)[22m[39m [32mpage reload [39m[2mcoverage/src/lib/utils.ts.html[22m
[2m7:47:05 AM[22m [36m[1m[vite][22m[39m [90m[2m(client)[22m[39m [32mpage reload [39m[2mcoverage/src/services/generateResumeRequest.ts.html[22m
[2m7:47:05 AM[22m [36m[1m[vite][22m[39m [90m[2m(client)[22m[39m [32mpage reload [39m[2mcoverage/src/services/index.html[22m
[2m7:47:05 AM[22m [36m[1m[vite][22m[39m [90m[2m(client)[22m[39m [32mpage reload [39m[2mcoverage/src/services/profileData.ts.html[22m
[2m7:47:05 AM[22m [36m[1m[vite][22m[39m [90m[2m(client)[22m[39m [32mpage reload [39m[2mcoverage/src/services/profileService.ts.html[22m
[2m7:47:05 AM[22m [36m[1m[vite][22m[39m [90m[2m(client)[22m[39m [32mpage reload [39m[2mcoverage/src/services/resumeService.ts.html[22m
[2m7:47:05 AM[22m [36m[1m[vite][22m[39m [90m[2m(client)[22m[39m [32mpage reload [39m[2mcoverage/src/resume/format.ts.html[22m
[2m7:47:05 AM[22m [36m[1m[vite][22m[39m [90m[2m(client)[22m[39m [32mpage reload [39m[2mcoverage/src/resume/index.html[22m
[2m7:47:05 AM[22m [36m[1m[vite][22m[39m [90m[2m(client)[22m[39m [32mpage reload [39m[2mcoverage/src/resume/ResumeDocument.tsx.html[22m
[2m7:47:05 AM[22m [36m[1m[vite][22m[39m [90m[2m(client)[22m[39m [32mpage reload [39m[2mcoverage/src/components/index.html[22m
[2m7:47:05 AM[22m [36m[1m[vite][22m[39m [90m[2m(client)[22m[39m [32mpage reload [39m[2mcoverage/src/services/skillsData.ts.html[22m
[2m7:47:05 AM[22m [36m[1m[vite][22m[39m [90m[2m(client)[22m[39m [32mpage reload [39m[2mcoverage/src/test/renderWithProviders.tsx.html[22m
[2m7:47:05 AM[22m [36m[1m[vite][22m[39m [90m[2m(client)[22m[39m [32mpage reload [39m[2mcoverage/src/components/resume/index.html[22m
[2m7:47:05 AM[22m [36m[1m[vite][22m[39m [90m[2m(client)[22m[39m [32mpage reload [39m[2mcoverage/src/components/resume/ResumeDocumentEditor.tsx.html[22m
[2m7:47:05 AM[22m [36m[1m[vite][22m[39m [90m[2m(client)[22m[39m [32mpage reload [39m[2mcoverage/src/components/generate/GenerateResumeWorkspace.tsx.html[22m
[2m7:47:05 AM[22m [36m[1m[vite][22m[39m [90m[2m(client)[22m[39m [32mpage reload [39m[2mcoverage/src/components/generate/index.html[22m
[2m7:47:05 AM[22m [36m[1m[vite][22m[39m [90m[2m(client)[22m[39m [32mpage reload [39m[2mcoverage/src/components/ui.tsx.html[22m
[2m7:47:05 AM[22m [36m[1m[vite][22m[39m [90m[2m(client)[22m[39m [32mpage reload [39m[2mcoverage/src/test/index.html[22m
[2m7:47:05 AM[22m [36m[1m[vite][22m[39m [90m[2m(client)[22m[39m [32mpage reload [39m[2mcoverage/src/test/fixtures/index.html[22m
[2m7:47:05 AM[22m [36m[1m[vite][22m[39m [90m[2m(client)[22m[39m [32mpage reload [39m[2mcoverage/src/test/fixtures/jobAnalysis.ts.html[22m
[2m7:47:05 AM[22m [36m[1m[vite][22m[39m [90m[2m(client)[22m[39m [32mpage reload [39m[2mcoverage/src/test/fixtures/profile.ts.html[22m
[2m7:47:05 AM[22m [36m[1m[vite][22m[39m [90m[2m(client)[22m[39m [32mpage reload [39m[2mcoverage/src/test/fixtures/profileMatch.ts.html[22m
[2m7:47:05 AM[22m [36m[1m[vite][22m[39m [90m[2m(client)[22m[39m [32mpage reload [39m[2mcoverage/src/test/fixtures/resume.ts.html[22m
[2m7:47:58 AM[22m [36m[1m[vite][22m[39m [90m[2m(client)[22m[39m [32mpage reload [39m[2mcoverage/index.html[22m
[2m7:47:58 AM[22m [36m[1m[vite][22m[39m [90m[2m(client)[22m[39m [32mpage reload [39m[2mcoverage/src/App.tsx.html[22m
[2m7:47:58 AM[22m [36m[1m[vite][22m[39m [90m[2m(client)[22m[39m [32mpage reload [39m[2mcoverage/src/index.html[22m
[2m7:47:58 AM[22m [36m[1m[vite][22m[39m [90m[2m(client)[22m[39m [32mpage reload [39m[2mcoverage/src/assets/index.html[22m
[2m7:47:58 AM[22m [36m[1m[vite][22m[39m [90m[2m(client)[22m[39m [32mpage reload [39m[2mcoverage/src/assets/jobyro-icon-teal.png.html[22m
[2m7:47:58 AM[22m [36m[1m[vite][22m[39m [90m[2m(client)[22m[39m [32mpage reload [39m[2mcoverage/src/assets/jobyro-icon-teal.png.html[22m
[2m7:47:58 AM[22m [36m[1m[vite][22m[39m [90m[2m(client)[22m[39m [32mpage reload [39m[2mcoverage/src/components/index.html[22m
[2m7:47:58 AM[22m [36m[1m[vite][22m[39m [90m[2m(client)[22m[39m [32mpage reload [39m[2mcoverage/src/components/ui.tsx.html[22m
[2m7:47:58 AM[22m [36m[1m[vite][22m[39m [90m[2m(client)[22m[39m [32mpage reload [39m[2mcoverage/src/hooks/index.html[22m
[2m7:47:58 AM[22m [36m[1m[vite][22m[39m [90m[2m(client)[22m[39m [32mpage reload [39m[2mcoverage/src/hooks/useResumeAutosave.ts.html[22m
[2m7:47:58 AM[22m [36m[1m[vite][22m[39m [90m[2m(client)[22m[39m [32mpage reload [39m[2mcoverage/src/resume/format.ts.html[22m
[2m7:47:58 AM[22m [36m[1m[vite][22m[39m [90m[2m(client)[22m[39m [32mpage reload [39m[2mcoverage/src/resume/index.html[22m
[2m7:47:58 AM[22m [36m[1m[vite][22m[39m [90m[2m(client)[22m[39m [32mpage reload [39m[2mcoverage/src/resume/ResumeDocument.tsx.html[22m
[2m7:47:58 AM[22m [36m[1m[vite][22m[39m [90m[2m(client)[22m[39m [32mpage reload [39m[2mcoverage/src/lib/index.html[22m
[2m7:47:58 AM[22m [36m[1m[vite][22m[39m [90m[2m(client)[22m[39m [32mpage reload [39m[2mcoverage/src/lib/utils.ts.html[22m
[2m7:47:58 AM[22m [36m[1m[vite][22m[39m [90m[2m(client)[22m[39m [32mpage reload [39m[2mcoverage/src/services/generateResumeRequest.ts.html[22m
[2m7:47:58 AM[22m [36m[1m[vite][22m[39m [90m[2m(client)[22m[39m [32mpage reload [39m[2mcoverage/src/services/index.html[22m
[2m7:47:58 AM[22m [36m[1m[vite][22m[39m [90m[2m(client)[22m[39m [32mpage reload [39m[2mcoverage/src/services/profileData.ts.html[22m
[2m7:47:58 AM[22m [36m[1m[vite][22m[39m [90m[2m(client)[22m[39m [32mpage reload [39m[2mcoverage/src/services/profileService.ts.html[22m
[2m7:47:58 AM[22m [36m[1m[vite][22m[39m [90m[2m(client)[22m[39m [32mpage reload [39m[2mcoverage/src/services/resumeService.ts.html[22m
[2m7:47:58 AM[22m [36m[1m[vite][22m[39m [90m[2m(client)[22m[39m [32mpage reload [39m[2mcoverage/src/services/skillsData.ts.html[22m
[2m7:47:58 AM[22m [36m[1m[vite][22m[39m [90m[2m(client)[22m[39m [32mpage reload [39m[2mcoverage/src/components/resume/index.html[22m
[2m7:47:58 AM[22m [36m[1m[vite][22m[39m [90m[2m(client)[22m[39m [32mpage reload [39m[2mcoverage/src/components/resume/ResumeDocumentEditor.tsx.html[22m
[2m7:47:58 AM[22m [36m[1m[vite][22m[39m [90m[2m(client)[22m[39m [32mpage reload [39m[2mcoverage/src/components/generate/GenerateResumeWorkspace.tsx.html[22m
[2m7:47:58 AM[22m [36m[1m[vite][22m[39m [90m[2m(client)[22m[39m [32mpage reload [39m[2mcoverage/src/components/generate/index.html[22m
[2m7:47:58 AM[22m [36m[1m[vite][22m[39m [90m[2m(client)[22m[39m [32mpage reload [39m[2mcoverage/src/test/index.html[22m
[2m7:47:58 AM[22m [36m[1m[vite][22m[39m [90m[2m(client)[22m[39m [32mpage reload [39m[2mcoverage/src/test/renderWithProviders.tsx.html[22m
[2m7:47:58 AM[22m [36m[1m[vite][22m[39m [90m[2m(client)[22m[39m [32mpage reload [39m[2mcoverage/src/test/fixtures/index.html[22m
[2m7:47:58 AM[22m [36m[1m[vite][22m[39m [90m[2m(client)[22m[39m [32mpage reload [39m[2mcoverage/src/test/fixtures/jobAnalysis.ts.html[22m
[2m7:47:58 AM[22m [36m[1m[vite][22m[39m [90m[2m(client)[22m[39m [32mpage reload [39m[2mcoverage/src/test/fixtures/profile.ts.html[22m
[2m7:47:58 AM[22m [36m[1m[vite][22m[39m [90m[2m(client)[22m[39m [32mpage reload [39m[2mcoverage/src/test/fixtures/profileMatch.ts.html[22m
[2m7:47:58 AM[22m [36m[1m[vite][22m[39m [90m[2m(client)[22m[39m [32mpage reload [39m[2mcoverage/src/test/fixtures/resume.ts.html[22m
[2m3:37:16 PM[22m [36m[1m[vite][22m[39m [90m[2m(client)[22m[39m [32mhmr update [39m[2m/src/styles.css, /src/components/generate/GenerateResumeWorkspace.tsx[22m
[2m3:37:31 PM[22m [36m[1m[vite][22m[39m [90m[2m(client)[22m[39m [32mhmr update [39m[2m/src/components/generate/GenerateResumeWorkspace.tsx, /src/styles.css[22m
[2m4:03:39 PM[22m [36m[1m[vite][22m[39m [90m[2m(client)[22m[39m [32mhmr update [39m[2m/src/components/generate/GenerateResumeWorkspace.tsx, /src/styles.css[22m
[2m4:03:51 PM[22m [36m[1m[vite][22m[39m [90m[2m(client)[22m[39m [32mhmr update [39m[2m/src/components/generate/GenerateResumeWorkspace.tsx, /src/styles.css[22m
[2m5:08:49 PM[22m [36m[1m[vite][22m[39m [90m[2m(client)[22m[39m [32mhmr update [39m[2m/src/components/generate/GenerateResumeWorkspace.tsx, /src/styles.css[22m
[2m5:09:03 PM[22m [36m[1m[vite][22m[39m [90m[2m(client)[22m[39m [32mhmr update [39m[2m/src/components/generate/GenerateResumeWorkspace.tsx, /src/styles.css[22m
[2m7:37:04 PM[22m [36m[1m[vite][22m[39m [90m[2m(client)[22m[39m [32mhmr update [39m[2m/src/App.tsx, /src/styles.css[22m
[2m7:37:18 PM[22m [36m[1m[vite][22m[39m [90m[2m(client)[22m[39m [32mhmr update [39m[2m/src/App.tsx, /src/styles.css[22m
[2m7:37:29 PM[22m [36m[1m[vite][22m[39m [90m[2m(client)[22m[39m [32mhmr update [39m[2m/src/App.tsx, /src/styles.css[22m
[2m7:37:38 PM[22m [36m[1m[vite][22m[39m [90m[2m(client)[22m[39m [32mhmr update [39m[2m/src/App.tsx, /src/styles.css[22m
[2m7:37:49 PM[22m [36m[1m[vite][22m[39m [90m[2m(client)[22m[39m [32mhmr update [39m[2m/src/App.tsx, /src/styles.css[22m
[2m7:38:11 PM[22m [36m[1m[vite][22m[39m [90m[2m(client)[22m[39m [32mhmr update [39m[2m/src/App.tsx, /src/styles.css[22m
[2m7:38:37 PM[22m [36m[1m[vite][22m[39m [90m[2m(client)[22m[39m [32mhmr update [39m[2m/src/App.tsx, /src/styles.css[22m
[2m7:39:15 PM[22m [36m[1m[vite][22m[39m [90m[2m(client)[22m[39m [32mhmr update [39m[2m/src/App.tsx, /src/styles.css[22m
[2m7:39:26 PM[22m [36m[1m[vite][22m[39m [90m[2m(client)[22m[39m [32mhmr update [39m[2m/src/App.tsx, /src/styles.css[22m
[2m7:42:44 PM[22m [36m[1m[vite][22m[39m [90m[2m(client)[22m[39m [32mhmr update [39m[2m/src/App.tsx, /src/styles.css[22m
[2m7:42:44 PM[22m [36m[1m[vite][22m[39m [90m[2m(client)[22m[39m [33mhmr invalidate [39m[2m/src/App.tsx[22m Could not Fast Refresh (new export)
[2m7:42:44 PM[22m [36m[1m[vite][22m[39m [90m[2m(client)[22m[39m [32mpage reload [39m[2msrc/App.tsx[22m
[2m7:42:53 PM[22m [36m[1m[vite][22m[39m [90m[2m(client)[22m[39m [32mhmr update [39m[2m/src/App.tsx, /src/styles.css[22m
[2m7:42:54 PM[22m [36m[1m[vite][22m[39m [90m[2m(client)[22m[39m [33mhmr invalidate [39m[2m/src/App.tsx[22m Could not Fast Refresh ("buildCandidateProfile" export is incompatible). Learn more at https://github.com/vitejs/vite-plugin-react/tree/main/packages/plugin-react#consistent-components-exports
[2m7:42:54 PM[22m [36m[1m[vite][22m[39m [90m[2m(client)[22m[39m [32mpage reload [39m[2msrc/App.tsx[22m
